<?xml version="1.0" encoding="UTF-8" ?>
<testsuite tests="11" failures="2" name="SolutionTest" time="0.049" errors="0" skipped="0">
  <properties>
    <property name="java.runtime.name" value="Java(TM) SE Runtime Environment"/>
    <property name="sun.boot.library.path" value="/Library/Java/JavaVirtualMachines/jdk1.8.0_112.jdk/Contents/Home/jre/lib"/>
    <property name="java.vm.version" value="25.112-b16"/>
    <property name="gopherProxySet" value="false"/>
    <property name="java.vm.vendor" value="Oracle Corporation"/>
    <property name="maven.multiModuleProjectDirectory" value="/Users/jsx039/Documents/C1/recruiting/coding-exercise"/>
    <property name="java.vendor.url" value="http://java.oracle.com/"/>
    <property name="path.separator" value=":"/>
    <property name="guice.disable.misplaced.annotation.check" value="true"/>
    <property name="java.vm.name" value="Java HotSpot(TM) 64-Bit Server VM"/>
    <property name="file.encoding.pkg" value="sun.io"/>
    <property name="user.country" value="US"/>
    <property name="sun.java.launcher" value="SUN_STANDARD"/>
    <property name="sun.os.patch.level" value="unknown"/>
    <property name="java.vm.specification.name" value="Java Virtual Machine Specification"/>
    <property name="user.dir" value="/Users/jsx039/Documents/C1/recruiting/coding-exercise"/>
    <property name="java.runtime.version" value="1.8.0_112-b16"/>
    <property name="java.awt.graphicsenv" value="sun.awt.CGraphicsEnvironment"/>
    <property name="java.endorsed.dirs" value="/Library/Java/JavaVirtualMachines/jdk1.8.0_112.jdk/Contents/Home/jre/lib/endorsed"/>
    <property name="os.arch" value="x86_64"/>
    <property name="java.io.tmpdir" value="/var/folders/fq/ys3x5cx52d7cq7vlb3j2f94dtzv4gm/T/"/>
    <property name="line.separator" value="
"/>
    <property name="java.vm.specification.vendor" value="Oracle Corporation"/>
    <property name="os.name" value="Mac OS X"/>
    <property name="classworlds.conf" value="/usr/local/Cellar/maven/3.3.9/libexec/bin/m2.conf"/>
    <property name="sun.jnu.encoding" value="UTF-8"/>
    <property name="java.library.path" value="/Users/jsx039/Library/Java/Extensions:/Library/Java/Extensions:/Network/Library/Java/Extensions:/System/Library/Java/Extensions:/usr/lib/java:."/>
    <property name="java.specification.name" value="Java Platform API Specification"/>
    <property name="java.class.version" value="52.0"/>
    <property name="sun.management.compiler" value="HotSpot 64-Bit Tiered Compilers"/>
    <property name="os.version" value="10.11.6"/>
    <property name="user.home" value="/Users/jsx039"/>
    <property name="user.timezone" value="America/Los_Angeles"/>
    <property name="java.awt.printerjob" value="sun.lwawt.macosx.CPrinterJob"/>
    <property name="java.specification.version" value="1.8"/>
    <property name="file.encoding" value="UTF-8"/>
    <property name="user.name" value="jsx039"/>
    <property name="java.class.path" value="/usr/local/Cellar/maven/3.3.9/libexec/boot/plexus-classworlds-2.5.2.jar"/>
    <property name="java.vm.specification.version" value="1.8"/>
    <property name="sun.arch.data.model" value="64"/>
    <property name="java.home" value="/Library/Java/JavaVirtualMachines/jdk1.8.0_112.jdk/Contents/Home/jre"/>
    <property name="sun.java.command" value="org.codehaus.plexus.classworlds.launcher.Launcher clean install"/>
    <property name="java.specification.vendor" value="Oracle Corporation"/>
    <property name="user.language" value="en"/>
    <property name="awt.toolkit" value="sun.lwawt.macosx.LWCToolkit"/>
    <property name="java.vm.info" value="mixed mode"/>
    <property name="java.version" value="1.8.0_112"/>
    <property name="java.ext.dirs" value="/Users/jsx039/Library/Java/Extensions:/Library/Java/JavaVirtualMachines/jdk1.8.0_112.jdk/Contents/Home/jre/lib/ext:/Library/Java/Extensions:/Network/Library/Java/Extensions:/System/Library/Java/Extensions:/usr/lib/java"/>
    <property name="sun.boot.class.path" value="/Library/Java/JavaVirtualMachines/jdk1.8.0_112.jdk/Contents/Home/jre/lib/resources.jar:/Library/Java/JavaVirtualMachines/jdk1.8.0_112.jdk/Contents/Home/jre/lib/rt.jar:/Library/Java/JavaVirtualMachines/jdk1.8.0_112.jdk/Contents/Home/jre/lib/sunrsasign.jar:/Library/Java/JavaVirtualMachines/jdk1.8.0_112.jdk/Contents/Home/jre/lib/jsse.jar:/Library/Java/JavaVirtualMachines/jdk1.8.0_112.jdk/Contents/Home/jre/lib/jce.jar:/Library/Java/JavaVirtualMachines/jdk1.8.0_112.jdk/Contents/Home/jre/lib/charsets.jar:/Library/Java/JavaVirtualMachines/jdk1.8.0_112.jdk/Contents/Home/jre/lib/jfr.jar:/Library/Java/JavaVirtualMachines/jdk1.8.0_112.jdk/Contents/Home/jre/classes"/>
    <property name="java.vendor" value="Oracle Corporation"/>
    <property name="maven.home" value="/usr/local/Cellar/maven/3.3.9/libexec"/>
    <property name="file.separator" value="/"/>
    <property name="java.vendor.url.bug" value="http://bugreport.sun.com/bugreport/"/>
    <property name="sun.cpu.endian" value="little"/>
    <property name="sun.io.unicode.encoding" value="UnicodeBig"/>
    <property name="sun.cpu.isalist" value=""/>
  </properties>
  <testcase classname="SolutionTest" name="test10" time="0.003"/>
  <testcase classname="SolutionTest" name="test11" time="0"/>
  <testcase classname="SolutionTest" name="test1" time="0"/>
  <testcase classname="SolutionTest" name="test2" time="0.001"/>
  <testcase classname="SolutionTest" name="test3" time="0.001"/>
  <testcase classname="SolutionTest" name="test4" time="0.001"/>
  <testcase classname="SolutionTest" name="test5" time="0.021">
    <failure message="expected:&lt;50&gt; but was:&lt;49&gt;" type="java.lang.AssertionError">java.lang.AssertionError: expected:&lt;50&gt; but was:&lt;49&gt;
	at org.junit.Assert.fail(Assert.java:88)
	at org.junit.Assert.failNotEquals(Assert.java:834)
	at org.junit.Assert.assertEquals(Assert.java:645)
	at org.junit.Assert.assertEquals(Assert.java:631)
	at SolutionTest.test5(SolutionTest.java:51)
	at sun.reflect.NativeMethodAccessorImpl.invoke0(Native Method)
	at sun.reflect.NativeMethodAccessorImpl.invoke(NativeMethodAccessorImpl.java:62)
	at sun.reflect.DelegatingMethodAccessorImpl.invoke(DelegatingMethodAccessorImpl.java:43)
	at java.lang.reflect.Method.invoke(Method.java:498)
	at org.junit.runners.model.FrameworkMethod$1.runReflectiveCall(FrameworkMethod.java:50)
	at org.junit.internal.runners.model.ReflectiveCallable.run(ReflectiveCallable.java:12)
	at org.junit.runners.model.FrameworkMethod.invokeExplosively(FrameworkMethod.java:47)
	at org.junit.internal.runners.statements.InvokeMethod.evaluate(InvokeMethod.java:17)
	at org.junit.internal.runners.statements.RunBefores.evaluate(RunBefores.java:26)
	at org.junit.internal.runners.statements.RunAfters.evaluate(RunAfters.java:27)
	at org.junit.runners.ParentRunner.runLeaf(ParentRunner.java:325)
	at org.junit.runners.BlockJUnit4ClassRunner.runChild(BlockJUnit4ClassRunner.java:78)
	at org.junit.runners.BlockJUnit4ClassRunner.runChild(BlockJUnit4ClassRunner.java:57)
	at org.junit.runners.ParentRunner$3.run(ParentRunner.java:290)
	at org.junit.runners.ParentRunner$1.schedule(ParentRunner.java:71)
	at org.junit.runners.ParentRunner.runChildren(ParentRunner.java:288)
	at org.junit.runners.ParentRunner.access$000(ParentRunner.java:58)
	at org.junit.runners.ParentRunner$2.evaluate(ParentRunner.java:268)
	at org.junit.runners.ParentRunner.run(ParentRunner.java:363)
	at org.apache.maven.surefire.junit4.JUnit4Provider.execute(JUnit4Provider.java:252)
	at org.apache.maven.surefire.junit4.JUnit4Provider.executeTestSet(JUnit4Provider.java:141)
	at org.apache.maven.surefire.junit4.JUnit4Provider.invoke(JUnit4Provider.java:112)
	at sun.reflect.NativeMethodAccessorImpl.invoke0(Native Method)
	at sun.reflect.NativeMethodAccessorImpl.invoke(NativeMethodAccessorImpl.java:62)
	at sun.reflect.DelegatingMethodAccessorImpl.invoke(DelegatingMethodAccessorImpl.java:43)
	at java.lang.reflect.Method.invoke(Method.java:498)
	at org.apache.maven.surefire.util.ReflectionUtils.invokeMethodWithArray(ReflectionUtils.java:189)
	at org.apache.maven.surefire.booter.ProviderFactory$ProviderProxy.invoke(ProviderFactory.java:165)
	at org.apache.maven.surefire.booter.ProviderFactory.invokeProvider(ProviderFactory.java:85)
	at org.apache.maven.surefire.booter.ForkedBooter.runSuitesInProcess(ForkedBooter.java:115)
	at org.apache.maven.surefire.booter.ForkedBooter.main(ForkedBooter.java:75)
</failure>
    <system-out>[1, 101, 11001, 1111101, 1001110001, 110000110101, 11110100001001, 10011000100101101, 1011111010111100001, 111011100110101100101, 100101010000001011111001, 10111010010000111011011101, 1110100011010100101001010001, 1001000110000100111001110010101, 101101011110011000100000111101001, 11100011010111111010100100110001101, 10001110000110111100100110111111000001, 1011000110100010101111000010111011000101, 110111100000101101101011001110100111011001, 100010101100011100100011000001001000100111101, 10101101011110001110101111000101101011000110001, 1101100011010111001001101011011100010111011110101, 1, 101, 11001, 1111101, 1001110001, 110000110101, 11110100001001, 10011000100101101, 1011111010111100001, 111011100110101100101, 100101010000001011111001, 10111010010000111011011101, 1110100011010100101001010001, 1001000110000100111001110010101, 101101011110011000100000111101001, 11100011010111111010100100110001101, 10001110000110111100100110111111000001, 1011000110100010101111000010111011000101, 110111100000101101101011001110100111011001, 100010101100011100100011000001001000100111101, 10101101011110001110101111000101101011000110001, 1101100011010111001001101011011100010111011110101, 1, 101, 11001, 1111101, 1001110001, 110000110101, 11110100001001, 10011000100101101, 1011111010111100001, 111011100110101100101, 100101010000001011111001, 10111010010000111011011101, 1110100011010100101001010001, 1001000110000100111001110010101, 101101011110011000100000111101001, 11100011010111111010100100110001101, 10001110000110111100100110111111000001, 1011000110100010101111000010111011000101, 110111100000101101101011001110100111011001, 100010101100011100100011000001001000100111101, 10101101011110001110101111000101101011000110001, 1101100011010111001001101011011100010111011110101, 1, 101, 11001, 1111101, 1001110001, 110000110101, 11110100001001, 10011000100101101, 1011111010111100001, 111011100110101100101, 100101010000001011111001, 10111010010000111011011101, 1110100011010100101001010001, 1001000110000100111001110010101, 101101011110011000100000111101001, 11100011010111111010100100110001101, 10001110000110111100100110111111000001, 1011000110100010101111000010111011000101, 110111100000101101101011001110100111011001, 100010101100011100100011000001001000100111101, 10101101011110001110101111000101101011000110001, 1101100011010111001001101011011100010111011110101, 1, 101, 11001, 1111101, 1001110001, 110000110101, 11110100001001, 10011000100101101, 1011111010111100001, 111011100110101100101, 100101010000001011111001, 10111010010000111011011101, 1110100011010100101001010001, 1001000110000100111001110010101, 101101011110011000100000111101001, 11100011010111111010100100110001101, 10001110000110111100100110111111000001, 1011000110100010101111000010111011000101, 110111100000101101101011001110100111011001, 100010101100011100100011000001001000100111101, 10101101011110001110101111000101101011000110001, 1101100011010111001001101011011100010111011110101, 1, 101, 11001, 1111101, 1001110001, 110000110101, 11110100001001, 10011000100101101, 1011111010111100001, 111011100110101100101, 100101010000001011111001, 10111010010000111011011101, 1110100011010100101001010001, 1001000110000100111001110010101, 101101011110011000100000111101001, 11100011010111111010100100110001101, 10001110000110111100100110111111000001, 1011000110100010101111000010111011000101, 110111100000101101101011001110100111011001, 100010101100011100100011000001001000100111101, 10101101011110001110101111000101101011000110001, 1101100011010111001001101011011100010111011110101, 1, 101, 11001, 1111101, 1001110001, 110000110101, 11110100001001, 10011000100101101, 1011111010111100001, 111011100110101100101, 100101010000001011111001, 10111010010000111011011101, 1110100011010100101001010001, 1001000110000100111001110010101, 101101011110011000100000111101001, 11100011010111111010100100110001101, 10001110000110111100100110111111000001, 1011000110100010101111000010111011000101, 110111100000101101101011001110100111011001, 100010101100011100100011000001001000100111101, 10101101011110001110101111000101101011000110001, 1101100011010111001001101011011100010111011110101]
</system-out>
  </testcase>
  <testcase classname="SolutionTest" name="test6" time="0.002">
    <failure message="expected:&lt;-1&gt; but was:&lt;0&gt;" type="java.lang.AssertionError">java.lang.AssertionError: expected:&lt;-1&gt; but was:&lt;0&gt;
	at org.junit.Assert.fail(Assert.java:88)
	at org.junit.Assert.failNotEquals(Assert.java:834)
	at org.junit.Assert.assertEquals(Assert.java:645)
	at org.junit.Assert.assertEquals(Assert.java:631)
	at SolutionTest.test6(SolutionTest.java:57)
	at sun.reflect.NativeMethodAccessorImpl.invoke0(Native Method)
	at sun.reflect.NativeMethodAccessorImpl.invoke(NativeMethodAccessorImpl.java:62)
	at sun.reflect.DelegatingMethodAccessorImpl.invoke(DelegatingMethodAccessorImpl.java:43)
	at java.lang.reflect.Method.invoke(Method.java:498)
	at org.junit.runners.model.FrameworkMethod$1.runReflectiveCall(FrameworkMethod.java:50)
	at org.junit.internal.runners.model.ReflectiveCallable.run(ReflectiveCallable.java:12)
	at org.junit.runners.model.FrameworkMethod.invokeExplosively(FrameworkMethod.java:47)
	at org.junit.internal.runners.statements.InvokeMethod.evaluate(InvokeMethod.java:17)
	at org.junit.internal.runners.statements.RunBefores.evaluate(RunBefores.java:26)
	at org.junit.internal.runners.statements.RunAfters.evaluate(RunAfters.java:27)
	at org.junit.runners.ParentRunner.runLeaf(ParentRunner.java:325)
	at org.junit.runners.BlockJUnit4ClassRunner.runChild(BlockJUnit4ClassRunner.java:78)
	at org.junit.runners.BlockJUnit4ClassRunner.runChild(BlockJUnit4ClassRunner.java:57)
	at org.junit.runners.ParentRunner$3.run(ParentRunner.java:290)
	at org.junit.runners.ParentRunner$1.schedule(ParentRunner.java:71)
	at org.junit.runners.ParentRunner.runChildren(ParentRunner.java:288)
	at org.junit.runners.ParentRunner.access$000(ParentRunner.java:58)
	at org.junit.runners.ParentRunner$2.evaluate(ParentRunner.java:268)
	at org.junit.runners.ParentRunner.run(ParentRunner.java:363)
	at org.apache.maven.surefire.junit4.JUnit4Provider.execute(JUnit4Provider.java:252)
	at org.apache.maven.surefire.junit4.JUnit4Provider.executeTestSet(JUnit4Provider.java:141)
	at org.apache.maven.surefire.junit4.JUnit4Provider.invoke(JUnit4Provider.java:112)
	at sun.reflect.NativeMethodAccessorImpl.invoke0(Native Method)
	at sun.reflect.NativeMethodAccessorImpl.invoke(NativeMethodAccessorImpl.java:62)
	at sun.reflect.DelegatingMethodAccessorImpl.invoke(DelegatingMethodAccessorImpl.java:43)
	at java.lang.reflect.Method.invoke(Method.java:498)
	at org.apache.maven.surefire.util.ReflectionUtils.invokeMethodWithArray(ReflectionUtils.java:189)
	at org.apache.maven.surefire.booter.ProviderFactory$ProviderProxy.invoke(ProviderFactory.java:165)
	at org.apache.maven.surefire.booter.ProviderFactory.invokeProvider(ProviderFactory.java:85)
	at org.apache.maven.surefire.booter.ForkedBooter.runSuitesInProcess(ForkedBooter.java:115)
	at org.apache.maven.surefire.booter.ForkedBooter.main(ForkedBooter.java:75)
</failure>
    <system-out>[1, 101, 11001, 1111101, 1001110001, 110000110101, 11110100001001, 10011000100101101, 1011111010111100001, 111011100110101100101, 100101010000001011111001, 10111010010000111011011101, 1110100011010100101001010001, 1001000110000100111001110010101, 101101011110011000100000111101001, 11100011010111111010100100110001101, 10001110000110111100100110111111000001, 1011000110100010101111000010111011000101, 110111100000101101101011001110100111011001, 100010101100011100100011000001001000100111101, 10101101011110001110101111000101101011000110001, 1101100011010111001001101011011100010111011110101, 1, 101, 11001, 1111101, 1001110001, 110000110101, 11110100001001, 10011000100101101, 1011111010111100001, 111011100110101100101, 100101010000001011111001, 10111010010000111011011101, 1110100011010100101001010001, 1001000110000100111001110010101, 101101011110011000100000111101001, 11100011010111111010100100110001101, 10001110000110111100100110111111000001, 1011000110100010101111000010111011000101, 110111100000101101101011001110100111011001, 100010101100011100100011000001001000100111101, 10101101011110001110101111000101101011000110001, 1101100011010111001001101011011100010111011110101, 1, 101, 11001, 1111101, 1001110001, 110000110101, 11110100001001, 10011000100101101, 1011111010111100001, 111011100110101100101, 100101010000001011111001, 10111010010000111011011101, 1110100011010100101001010001, 1001000110000100111001110010101, 101101011110011000100000111101001, 11100011010111111010100100110001101, 10001110000110111100100110111111000001, 1011000110100010101111000010111011000101, 110111100000101101101011001110100111011001, 100010101100011100100011000001001000100111101, 10101101011110001110101111000101101011000110001, 1101100011010111001001101011011100010111011110101, 1, 101, 11001, 1111101, 1001110001, 110000110101, 11110100001001, 10011000100101101, 1011111010111100001, 111011100110101100101, 100101010000001011111001, 10111010010000111011011101, 1110100011010100101001010001, 1001000110000100111001110010101, 101101011110011000100000111101001, 11100011010111111010100100110001101, 10001110000110111100100110111111000001, 1011000110100010101111000010111011000101, 110111100000101101101011001110100111011001, 100010101100011100100011000001001000100111101, 10101101011110001110101111000101101011000110001, 1101100011010111001001101011011100010111011110101, 1, 101, 11001, 1111101, 1001110001, 110000110101, 11110100001001, 10011000100101101, 1011111010111100001, 111011100110101100101, 100101010000001011111001, 10111010010000111011011101, 1110100011010100101001010001, 1001000110000100111001110010101, 101101011110011000100000111101001, 11100011010111111010100100110001101, 10001110000110111100100110111111000001, 1011000110100010101111000010111011000101, 110111100000101101101011001110100111011001, 100010101100011100100011000001001000100111101, 10101101011110001110101111000101101011000110001, 1101100011010111001001101011011100010111011110101, 1, 101, 11001, 1111101, 1001110001, 110000110101, 11110100001001, 10011000100101101, 1011111010111100001, 111011100110101100101, 100101010000001011111001, 10111010010000111011011101, 1110100011010100101001010001, 1001000110000100111001110010101, 101101011110011000100000111101001, 11100011010111111010100100110001101, 10001110000110111100100110111111000001, 1011000110100010101111000010111011000101, 110111100000101101101011001110100111011001, 100010101100011100100011000001001000100111101, 10101101011110001110101111000101101011000110001, 1101100011010111001001101011011100010111011110101, 1, 101, 11001, 1111101, 1001110001, 110000110101, 11110100001001, 10011000100101101, 1011111010111100001, 111011100110101100101, 100101010000001011111001, 10111010010000111011011101, 1110100011010100101001010001, 1001000110000100111001110010101, 101101011110011000100000111101001, 11100011010111111010100100110001101, 10001110000110111100100110111111000001, 1011000110100010101111000010111011000101, 110111100000101101101011001110100111011001, 100010101100011100100011000001001000100111101, 10101101011110001110101111000101101011000110001, 1101100011010111001001101011011100010111011110101, 1, 101, 11001, 1111101, 1001110001, 110000110101, 11110100001001, 10011000100101101, 1011111010111100001, 111011100110101100101, 100101010000001011111001, 10111010010000111011011101, 1110100011010100101001010001, 1001000110000100111001110010101, 101101011110011000100000111101001, 11100011010111111010100100110001101, 10001110000110111100100110111111000001, 1011000110100010101111000010111011000101, 110111100000101101101011001110100111011001, 100010101100011100100011000001001000100111101, 10101101011110001110101111000101101011000110001, 1101100011010111001001101011011100010111011110101]
</system-out>
  </testcase>
  <testcase classname="SolutionTest" name="test7" time="0.017"/>
  <testcase classname="SolutionTest" name="test8" time="0.002"/>
  <testcase classname="SolutionTest" name="test9" time="0.001"/>
</testsuite>